<?xml version="1.0" encoding="UTF-8"?>
<!-- Generated by org.testng.reporters.JUnitReportReporter -->
<testsuite hostname="MSI" failures="0" tests="1" name="com.crm.SalesAndInventorySystemProject.AdminModule.CreateCustomerTest" time="17.726" errors="0" timestamp="2025-03-18T17:44:02 IST" skipped="0">
  <testcase classname="com.crm.SalesAndInventorySystemProject.AdminModule.CreateCustomerTest" name="customerReflectInSalesPageTest" time="17.726"/>
</testsuite> <!-- com.crm.SalesAndInventorySystemProject.AdminModule.CreateCustomerTest -->
